[1;31m> [1;3;39mMaking all in Tweak…[m
[1;31m> [1;3;39mMaking all for tweak Axon…[m
[0;31m==> [1;39mPreprocessing Tweak.xm…[m
[0;31m==> [1;39mPreprocessing Tweak.xm…[m
[0;32m==> [1;39mCompiling AXNManager.m (arm64)…[m
In file included from AXNManager.m:1:
In file included from ./AXNManager.h:1:
In file included from ./AXNView.h:1:
In file included from ./RandomHeaders.h:1:
[1m./Protocol.h:1:17: [0m[0;1;31merror: [0m[1mcannot find protocol declaration for 'NSObject'[0m
@protocol clvc <NSObject>
[0;1;32m                ^
[0m[1m./Protocol.h:2:30: [0m[0;1;31merror: [0m[1munknown type name 'BOOL'[0m
@property (nonatomic,assign) BOOL axnAllowChanges;
[0;1;32m                             ^
[0m[1m./Protocol.h:11:3: [0m[0;1;31merror: [0m[1mexpected a type[0m
-(NSSet *)allNotificationRequests;
[0;1;32m  ^
[0m[1m./Protocol.h:13:35: [0m[0;1;31merror: [0m[1mexpected a type[0m
-(void)revealNotificationHistory:(BOOL)revealed;
[0;1;32m                                  ^
[0mIn file included from AXNManager.m:1:
In file included from ./AXNManager.h:1:
In file included from ./AXNView.h:1:
[1m./RandomHeaders.h:48:36: [0m[0;1;31merror: [0m[1mproperty type 'BOOL' (aka 'bool') is incompatible with type 'int' inherited from 'clvc' [-Werror,-Wincompatible-property-type][0m
@property (nonatomic, assign) BOOL axnAllowChanges;
[0;1;32m                                   ^
[0m[1m./Protocol.h:2:35: [0m[0;1;30mnote: [0mproperty declared here[0m
@property (nonatomic,assign) BOOL axnAllowChanges;
[0;1;32m                                  ^
[0m[1mAXNManager.m:328:20: [0m[0;1;31merror: [0m[1mno known instance method for selector 'respondsToSelector:'[0m
    if ([self.clvc respondsToSelector:@selector(insertNotificationRequest:forCoalescedNotification:)]) [self.clvc insertNotificationRequest:req forCoalescedNotification:[self coalescedNotificationForRequest:req]];
[0;1;32m                   ^~~~~~~~~~~~~~~~~~
[0m[1mAXNManager.m:337:20: [0m[0;1;31merror: [0m[1mno known instance method for selector 'respondsToSelector:'[0m
    if ([self.clvc respondsToSelector:@selector(removeNotificationRequest:forCoalescedNotification:)]) [self.clvc removeNotificationRequest:req forCoalescedNotification:[self coalescedNotificationForRequest:req]];
[0;1;32m                   ^~~~~~~~~~~~~~~~~~
[0m[1mAXNManager.m:375:42: [0m[0;1;31merror: [0m[1mimplicit conversion of 'BOOL' (aka 'bool') to 'id' is disallowed with ARC[0m
    [self.clvc revealNotificationHistory:revealed];
[0;1;32m                                         ^~~~~~~~
[0m[1mAXNManager.m:375:42: [0m[0;1;31merror: [0m[1mincompatible integer to pointer conversion sending 'BOOL' (aka 'bool') to parameter of type 'id' [-Werror,-Wint-conversion][0m
    [self.clvc revealNotificationHistory:revealed];
[0;1;32m                                         ^~~~~~~~
[0m[1m./Protocol.h:13:40: [0m[0;1;30mnote: [0mpassing argument to parameter 'revealed' here[0m
-(void)revealNotificationHistory:(BOOL)revealed;
[0;1;32m                                       ^
[0m9 errors generated.
make[4]: *** [/home/runner/theos/makefiles/instance/rules.mk:305: /home/runner/work/axonnn/axonnn/.theos/obj/arm64/AXNManager.m.f442f5a1.o] Error 1
make[4]: *** Waiting for unfinished jobs....
[0;32m==> [1;39mCompiling AXNAppCell.m (arm64)…[m
In file included from AXNAppCell.m:2:
[1m./AXNAppCell.h:31:29: [0m[0;1;31merror: [0m[1mcannot find interface declaration for 'UIView', superclass of 'MTMaterialView'[0m
@interface MTMaterialView : UIView
[0;1;32m~~~~~~~~~~~~~~~~~~~~~~~~~   ^
[0m[1m./AXNAppCell.h:37:33: [0m[0;1;31merror: [0m[1munknown type name 'UIColor'[0m
@property (nonatomic, readonly) UIColor *backgroundColor;
[0;1;32m                                ^
[0m[1m./AXNAppCell.h:38:33: [0m[0;1;31merror: [0m[1munknown type name 'UIColor'[0m
@property (nonatomic, readonly) UIColor *primaryTextColor;
[0;1;32m                                ^
[0m[1m./AXNAppCell.h:39:33: [0m[0;1;31merror: [0m[1munknown type name 'UIColor'[0m
@property (nonatomic, readonly) UIColor *secondaryTextColor;
[0;1;32m                                ^
[0m[1m./AXNAppCell.h:42:25: [0m[0;1;31merror: [0m[1mcannot find interface declaration for 'UICollectionViewCell', superclass of 'AXNAppCell'[0m
@interface AXNAppCell : UICollectionViewCell {
[0;1;32m~~~~~~~~~~~~~~~~~~~~~   ^
[0m[1m./AXNAppCell.h:46:31: [0m[0;1;31merror: [0m[1munknown type name 'UIImageView'[0m
@property (nonatomic, retain) UIImageView *iconView;
[0;1;32m                              ^
[0m[1m./AXNAppCell.h:46:1: [0m[0;1;31merror: [0m[1mproperty with 'retain (or strong)' attribute must be of object type[0m
@property (nonatomic, retain) UIImageView *iconView;
[0;1;32m^
[0m[1m./AXNAppCell.h:47:31: [0m[0;1;31merror: [0m[1munknown type name 'UIView'[0m
@property (nonatomic, retain) UIView *blurView;
[0;1;32m                              ^
[0m[1m./AXNAppCell.h:47:1: [0m[0;1;31merror: [0m[1mproperty with 'retain (or strong)' attribute must be of object type[0m
@property (nonatomic, retain) UIView *blurView;
[0;1;32m^
[0m[1m./AXNAppCell.h:48:31: [0m[0;1;31merror: [0m[1munknown type name 'UILabel'[0m
@property (nonatomic, retain) UILabel *badgeLabel;
[0;1;32m                              ^
[0m[1m./AXNAppCell.h:48:1: [0m[0;1;31merror: [0m[1mproperty with 'retain (or strong)' attribute must be of object type[0m
@property (nonatomic, retain) UILabel *badgeLabel;
[0;1;32m^
[0m[1mAXNAppCell.m:27:13: [0m[0;1;31merror: [0m[1m'AXNAppCell' cannot use 'super' because it is a root class[0m
    self = [super initWithFrame:frame];
[0;1;32m            ^
[0m[1mAXNAppCell.m:35:11: [0m[0;1;31merror: [0m[1mno visible @interface for 'AXNAppCell' declares the selector 'addGestureRecognizer:'[0m
    [self addGestureRecognizer:recognizer];
[0;1;32m     ~~~~ ^~~~~~~~~~~~~~~~~~~~
[0m[1mAXNAppCell.m:37:10: [0m[0;1;31merror: [0m[1mproperty 'layer' not found on object of type 'AXNAppCell *'[0m
    self.layer.cornerRadius = 13;
[0;1;32m         ^
[0m[1mAXNAppCell.m:38:10: [0m[0;1;31merror: [0m[1mproperty 'layer' not found on object of type 'AXNAppCell *'[0m
    self.layer.continuousCorners = YES;
[0;1;32m         ^
[0m[1mAXNAppCell.m:39:10: [0m[0;1;31merror: [0m[1mproperty 'layer' not found on object of type 'AXNAppCell *'[0m
    self.layer.masksToBounds = YES;
[0;1;32m         ^
[0m[1mAXNAppCell.m:41:21: [0m[0;1;31merror: [0m[1mimplicit conversion of an Objective-C pointer to 'int *' is disallowed with ARC[0m
    self.iconView = [[UIImageView alloc] initWithFrame:frame];
[0;1;32m                    ^~~~~~~~~~~~~~~~~~~~~~~~~~~~~~~~~~~~~~~~~
[0m[1mAXNAppCell.m:41:19: [0m[0;1;31merror: [0m[1mincompatible pointer types assigning to 'int *' from 'UIImageView *' [-Werror,-Wincompatible-pointer-types][0m
    self.iconView = [[UIImageView alloc] initWithFrame:frame];
[0;1;32m                  ^ ~~~~~~~~~~~~~~~~~~~~~~~~~~~~~~~~~~~~~~~~~
[0m[1mAXNAppCell.m:42:18: [0m[0;1;31merror: [0m[1mmember reference base type 'int *' is not a structure or union[0m
    self.iconView.translatesAutoresizingMaskIntoConstraints = NO;
[0;1;32m    ~~~~~~~~~~~~~^~~~~~~~~~~~~~~~~~~~~~~~~~~~~~~~~~~~~~~~~~
[0m[0;1;31mfatal error: [0mtoo many errors emitted, stopping now [-ferror-limit=][0m
20 errors generated.
make[4]: *** [/home/runner/theos/makefiles/instance/rules.mk:305: /home/runner/work/axonnn/axonnn/.theos/obj/arm64/AXNAppCell.m.f442f5a1.o] Error 1
[0;32m==> [1;39mCompiling AXNRequestWrapper.m (arm64)…[m
In file included from AXNRequestWrapper.m:1:
In file included from ./AXNRequestWrapper.h:1:
In file included from ./RandomHeaders.h:1:
[1m./Protocol.h:1:17: [0m[0;1;31merror: [0m[1mcannot find protocol declaration for 'NSObject'[0m
@protocol clvc <NSObject>
[0;1;32m                ^
[0m[1m./Protocol.h:2:30: [0m[0;1;31merror: [0m[1munknown type name 'BOOL'[0m
@property (nonatomic,assign) BOOL axnAllowChanges;
[0;1;32m                             ^
[0m[1m./Protocol.h:11:3: [0m[0;1;31merror: [0m[1mexpected a type[0m
-(NSSet *)allNotificationRequests;
[0;1;32m  ^
[0m[1m./Protocol.h:13:35: [0m[0;1;31merror: [0m[1mexpected a type[0m
-(void)revealNotificationHistory:(BOOL)revealed;
[0;1;32m                                  ^
[0mIn file included from AXNRequestWrapper.m:1:
In file included from ./AXNRequestWrapper.h:1:
[1m./RandomHeaders.h:48:36: [0m[0;1;31merror: [0m[1mproperty type 'BOOL' (aka 'bool') is incompatible with type 'int' inherited from 'clvc' [-Werror,-Wincompatible-property-type][0m
@property (nonatomic, assign) BOOL axnAllowChanges;
[0;1;32m                                   ^
[0m[1m./Protocol.h:2:35: [0m[0;1;30mnote: [0mproperty declared here[0m
@property (nonatomic,assign) BOOL axnAllowChanges;
[0;1;32m                                  ^
[0m5 errors generated.
make[4]: *** [/home/runner/theos/makefiles/instance/rules.mk:305: /home/runner/work/axonnn/axonnn/.theos/obj/arm64/AXNRequestWrapper.m.f442f5a1.o] Error 1
rm /home/runner/work/axonnn/axonnn/.theos/obj/arm64/Tweak.xm.mm
make[3]: *** [/home/runner/theos/makefiles/instance/library.mk:52: /home/runner/work/axonnn/axonnn/.theos/obj/arm64/Axon.dylib] Error 2
make[3]: *** Waiting for unfinished jobs....
[0;32m==> [1;39mCompiling AXNRequestWrapper.m (arm64e)…[m
In file included from AXNRequestWrapper.m:1:
In file included from ./AXNRequestWrapper.h:1:
In file included from ./RandomHeaders.h:1:
[1m./Protocol.h:1:17: [0m[0;1;31merror: [0m[1mcannot find protocol declaration for 'NSObject'[0m
@protocol clvc <NSObject>
[0;1;32m                ^
[0m[1m./Protocol.h:2:30: [0m[0;1;31merror: [0m[1munknown type name 'BOOL'[0m
@property (nonatomic,assign) BOOL axnAllowChanges;
[0;1;32m                             ^
[0m[1m./Protocol.h:11:3: [0m[0;1;31merror: [0m[1mexpected a type[0m
-(NSSet *)allNotificationRequests;
[0;1;32m  ^
[0m[1m./Protocol.h:13:35: [0m[0;1;31merror: [0m[1mexpected a type[0m
-(void)revealNotificationHistory:(BOOL)revealed;
[0;1;32m                                  ^
[0mIn file included from AXNRequestWrapper.m:1:
In file included from ./AXNRequestWrapper.h:1:
[1m./RandomHeaders.h:48:36: [0m[0;1;31merror: [0m[1mproperty type 'BOOL' (aka 'bool') is incompatible with type 'int' inherited from 'clvc' [-Werror,-Wincompatible-property-type][0m
@property (nonatomic, assign) BOOL axnAllowChanges;
[0;1;32m                                   ^
[0m[1m./Protocol.h:2:35: [0m[0;1;30mnote: [0mproperty declared here[0m
@property (nonatomic,assign) BOOL axnAllowChanges;
[0;1;32m                                  ^
[0m5 errors generated.
make[4]: *** [/home/runner/theos/makefiles/instance/rules.mk:305: /home/runner/work/axonnn/axonnn/.theos/obj/arm64e/AXNRequestWrapper.m.22ee3ea7.o] Error 1
make[4]: *** Waiting for unfinished jobs....
[0;32m==> [1;39mCompiling AXNView.m (arm64e)…[m
[1mAXNView.m:42:30: [0m[0;1;31merror: [0m[1massigning to 'id<UIGestureRecognizerDelegate> _Nullable' from incompatible type 'AXNView *__strong' [-Werror][0m
    self.panGesture.delegate = self;
[0;1;32m                             ^ ~~~~
[0m1 error generated.
make[4]: *** [/home/runner/theos/makefiles/instance/rules.mk:305: /home/runner/work/axonnn/axonnn/.theos/obj/arm64e/AXNView.m.22ee3ea7.o] Error 1
[0;32m==> [1;39mCompiling AXNManager.m (arm64e)…[m
In file included from AXNManager.m:1:
In file included from ./AXNManager.h:1:
In file included from ./AXNView.h:1:
In file included from ./RandomHeaders.h:1:
[1m./Protocol.h:1:17: [0m[0;1;31merror: [0m[1mcannot find protocol declaration for 'NSObject'[0m
@protocol clvc <NSObject>
[0;1;32m                ^
[0m[1m./Protocol.h:2:30: [0m[0;1;31merror: [0m[1munknown type name 'BOOL'[0m
@property (nonatomic,assign) BOOL axnAllowChanges;
[0;1;32m                             ^
[0m[1m./Protocol.h:11:3: [0m[0;1;31merror: [0m[1mexpected a type[0m
-(NSSet *)allNotificationRequests;
[0;1;32m  ^
[0m[1m./Protocol.h:13:35: [0m[0;1;31merror: [0m[1mexpected a type[0m
-(void)revealNotificationHistory:(BOOL)revealed;
[0;1;32m                                  ^
[0mIn file included from AXNManager.m:1:
In file included from ./AXNManager.h:1:
In file included from ./AXNView.h:1:
[1m./RandomHeaders.h:48:36: [0m[0;1;31merror: [0m[1mproperty type 'BOOL' (aka 'bool') is incompatible with type 'int' inherited from 'clvc' [-Werror,-Wincompatible-property-type][0m
@property (nonatomic, assign) BOOL axnAllowChanges;
[0;1;32m                                   ^
[0m[1m./Protocol.h:2:35: [0m[0;1;30mnote: [0mproperty declared here[0m
@property (nonatomic,assign) BOOL axnAllowChanges;
[0;1;32m                                  ^
[0m[1mAXNManager.m:328:20: [0m[0;1;31merror: [0m[1mno known instance method for selector 'respondsToSelector:'[0m
    if ([self.clvc respondsToSelector:@selector(insertNotificationRequest:forCoalescedNotification:)]) [self.clvc insertNotificationRequest:req forCoalescedNotification:[self coalescedNotificationForRequest:req]];
[0;1;32m                   ^~~~~~~~~~~~~~~~~~
[0m[1mAXNManager.m:337:20: [0m[0;1;31merror: [0m[1mno known instance method for selector 'respondsToSelector:'[0m
    if ([self.clvc respondsToSelector:@selector(removeNotificationRequest:forCoalescedNotification:)]) [self.clvc removeNotificationRequest:req forCoalescedNotification:[self coalescedNotificationForRequest:req]];
[0;1;32m                   ^~~~~~~~~~~~~~~~~~
[0m[1mAXNManager.m:375:42: [0m[0;1;31merror: [0m[1mimplicit conversion of 'BOOL' (aka 'bool') to 'id' is disallowed with ARC[0m
    [self.clvc revealNotificationHistory:revealed];
[0;1;32m                                         ^~~~~~~~
[0m[1mAXNManager.m:375:42: [0m[0;1;31merror: [0m[1mincompatible integer to pointer conversion sending 'BOOL' (aka 'bool') to parameter of type 'id' [-Werror,-Wint-conversion][0m
    [self.clvc revealNotificationHistory:revealed];
[0;1;32m                                         ^~~~~~~~
[0m[1m./Protocol.h:13:40: [0m[0;1;30mnote: [0mpassing argument to parameter 'revealed' here[0m
-(void)revealNotificationHistory:(BOOL)revealed;
[0;1;32m                                       ^
[0m9 errors generated.
make[4]: *** [/home/runner/theos/makefiles/instance/rules.mk:305: /home/runner/work/axonnn/axonnn/.theos/obj/arm64e/AXNManager.m.22ee3ea7.o] Error 1
[0;32m==> [1;39mCompiling AXNAppCell.m (arm64e)…[m
In file included from AXNAppCell.m:2:
[1m./AXNAppCell.h:31:29: [0m[0;1;31merror: [0m[1mcannot find interface declaration for 'UIView', superclass of 'MTMaterialView'[0m
@interface MTMaterialView : UIView
[0;1;32m~~~~~~~~~~~~~~~~~~~~~~~~~   ^
[0m[1m./AXNAppCell.h:37:33: [0m[0;1;31merror: [0m[1munknown type name 'UIColor'[0m
@property (nonatomic, readonly) UIColor *backgroundColor;
[0;1;32m                                ^
[0m[1m./AXNAppCell.h:38:33: [0m[0;1;31merror: [0m[1munknown type name 'UIColor'[0m
@property (nonatomic, readonly) UIColor *primaryTextColor;
[0;1;32m                                ^
[0m[1m./AXNAppCell.h:39:33: [0m[0;1;31merror: [0m[1munknown type name 'UIColor'[0m
@property (nonatomic, readonly) UIColor *secondaryTextColor;
[0;1;32m                                ^
[0m[1m./AXNAppCell.h:42:25: [0m[0;1;31merror: [0m[1mcannot find interface declaration for 'UICollectionViewCell', superclass of 'AXNAppCell'[0m
@interface AXNAppCell : UICollectionViewCell {
[0;1;32m~~~~~~~~~~~~~~~~~~~~~   ^
[0m[1m./AXNAppCell.h:46:31: [0m[0;1;31merror: [0m[1munknown type name 'UIImageView'[0m
@property (nonatomic, retain) UIImageView *iconView;
[0;1;32m                              ^
[0m[1m./AXNAppCell.h:46:1: [0m[0;1;31merror: [0m[1mproperty with 'retain (or strong)' attribute must be of object type[0m
@property (nonatomic, retain) UIImageView *iconView;
[0;1;32m^
[0m[1m./AXNAppCell.h:47:31: [0m[0;1;31merror: [0m[1munknown type name 'UIView'[0m
@property (nonatomic, retain) UIView *blurView;
[0;1;32m                              ^
[0m[1m./AXNAppCell.h:47:1: [0m[0;1;31merror: [0m[1mproperty with 'retain (or strong)' attribute must be of object type[0m
@property (nonatomic, retain) UIView *blurView;
[0;1;32m^
[0m[1m./AXNAppCell.h:48:31: [0m[0;1;31merror: [0m[1munknown type name 'UILabel'[0m
@property (nonatomic, retain) UILabel *badgeLabel;
[0;1;32m                              ^
[0m[1m./AXNAppCell.h:48:1: [0m[0;1;31merror: [0m[1mproperty with 'retain (or strong)' attribute must be of object type[0m
@property (nonatomic, retain) UILabel *badgeLabel;
[0;1;32m^
[0m[1mAXNAppCell.m:27:13: [0m[0;1;31merror: [0m[1m'AXNAppCell' cannot use 'super' because it is a root class[0m
    self = [super initWithFrame:frame];
[0;1;32m            ^
[0m[1mAXNAppCell.m:35:11: [0m[0;1;31merror: [0m[1mno visible @interface for 'AXNAppCell' declares the selector 'addGestureRecognizer:'[0m
    [self addGestureRecognizer:recognizer];
[0;1;32m     ~~~~ ^~~~~~~~~~~~~~~~~~~~
[0m[1mAXNAppCell.m:37:10: [0m[0;1;31merror: [0m[1mproperty 'layer' not found on object of type 'AXNAppCell *'[0m
    self.layer.cornerRadius = 13;
[0;1;32m         ^
[0m[1mAXNAppCell.m:38:10: [0m[0;1;31merror: [0m[1mproperty 'layer' not found on object of type 'AXNAppCell *'[0m
    self.layer.continuousCorners = YES;
[0;1;32m         ^
[0m[1mAXNAppCell.m:39:10: [0m[0;1;31merror: [0m[1mproperty 'layer' not found on object of type 'AXNAppCell *'[0m
    self.layer.masksToBounds = YES;
[0;1;32m         ^
[0m[1mAXNAppCell.m:41:21: [0m[0;1;31merror: [0m[1mimplicit conversion of an Objective-C pointer to 'int *' is disallowed with ARC[0m
    self.iconView = [[UIImageView alloc] initWithFrame:frame];
[0;1;32m                    ^~~~~~~~~~~~~~~~~~~~~~~~~~~~~~~~~~~~~~~~~
[0m[1mAXNAppCell.m:41:19: [0m[0;1;31merror: [0m[1mincompatible pointer types assigning to 'int *' from 'UIImageView *' [-Werror,-Wincompatible-pointer-types][0m
    self.iconView = [[UIImageView alloc] initWithFrame:frame];
[0;1;32m                  ^ ~~~~~~~~~~~~~~~~~~~~~~~~~~~~~~~~~~~~~~~~~
[0m[1mAXNAppCell.m:42:18: [0m[0;1;31merror: [0m[1mmember reference base type 'int *' is not a structure or union[0m
    self.iconView.translatesAutoresizingMaskIntoConstraints = NO;
[0;1;32m    ~~~~~~~~~~~~~^~~~~~~~~~~~~~~~~~~~~~~~~~~~~~~~~~~~~~~~~~
[0m[0;1;31mfatal error: [0mtoo many errors emitted, stopping now [-ferror-limit=][0m
20 errors generated.
make[4]: *** [/home/runner/theos/makefiles/instance/rules.mk:305: /home/runner/work/axonnn/axonnn/.theos/obj/arm64e/AXNAppCell.m.22ee3ea7.o] Error 1
rm /home/runner/work/axonnn/axonnn/.theos/obj/arm64e/Tweak.xm.mm
make[3]: *** [/home/runner/theos/makefiles/instance/library.mk:52: /home/runner/work/axonnn/axonnn/.theos/obj/arm64e/Axon.dylib] Error 2
make[2]: *** [/home/runner/theos/makefiles/instance/library.mk:37: internal-library-all_] Error 2
make[1]: *** [/home/runner/theos/makefiles/master/rules.mk:146: Axon.all.tweak.variables] Error 2
make: *** [/home/runner/theos/makefiles/master/aggregate.mk:12: internal-all] Error 2
