[1;31m> [1;3;39mMaking all in Tweak…[m
[1;31m> [1;3;39mMaking all for tweak Axon…[m
[0;31m==> [1;39mPreprocessing Tweak.xm…[m
[0;31m==> [1;39mPreprocessing Tweak.xm…[m
[0;32m==> [1;39mCompiling AXNManager.m (arm64e)…[m
[0;32m==> [1;39mCompiling AXNRequestWrapper.m (arm64e)…[m
[0;32m==> [1;39mCompiling AXNManager.m (arm64)…[m
[0;32m==> [1;39mCompiling AXNRequestWrapper.m (arm64)…[m
[0;32m==> [1;39mCompiling AXNAppCell.m (arm64)…[m
[0;32m==> [1;39mCompiling AXNAppCell.m (arm64e)…[m
[0;32m==> [1;39mCompiling AXNView.m (arm64)…[m
[0;32m==> [1;39mCompiling AXNView.m (arm64e)…[m
[0;32m==> [1;39mCompiling Tweak.xm (arm64)…[m
[0;32m==> [1;39mCompiling Tweak.xm (arm64e)…[m
[0;33m==> [1;39mLinking tweak Axon (arm64)…[m
duplicate symbol '_prefs' in:
    /home/runner/work/axonnn/axonnn/.theos/obj/arm64/Tweak.xm.f442f5a1.o
    /home/runner/work/axonnn/axonnn/.theos/obj/arm64/AXNAppCell.m.f442f5a1.o
ld: 1 duplicate symbol for architecture arm64
clang-11: [0;1;31merror: [0mlinker command failed with exit code 1 (use -v to see invocation)[0m
make[4]: *** [/home/runner/theos/makefiles/instance/library.mk:52: /home/runner/work/axonnn/axonnn/.theos/obj/arm64/Axon.dylib] Error 1
make[3]: *** [/home/runner/theos/makefiles/instance/library.mk:52: /home/runner/work/axonnn/axonnn/.theos/obj/arm64/Axon.dylib] Error 2
make[3]: *** Waiting for unfinished jobs....
[0;33m==> [1;39mLinking tweak Axon (arm64e)…[m
ld: warning: object file /home/runner/work/axonnn/axonnn/.theos/obj/arm64e/Tweak.xm.22ee3ea7.o was built with an incompatible arm64e ABI compiler
ld: warning: object file /home/runner/work/axonnn/axonnn/.theos/obj/arm64e/AXNAppCell.m.22ee3ea7.o was built with an incompatible arm64e ABI compiler
ld: warning: object file /home/runner/work/axonnn/axonnn/.theos/obj/arm64e/AXNManager.m.22ee3ea7.o was built with an incompatible arm64e ABI compiler
ld: warning: object file /home/runner/work/axonnn/axonnn/.theos/obj/arm64e/AXNRequestWrapper.m.22ee3ea7.o was built with an incompatible arm64e ABI compiler
ld: warning: object file /home/runner/work/axonnn/axonnn/.theos/obj/arm64e/AXNView.m.22ee3ea7.o was built with an incompatible arm64e ABI compiler
duplicate symbol '_prefs' in:
    /home/runner/work/axonnn/axonnn/.theos/obj/arm64e/Tweak.xm.22ee3ea7.o
    /home/runner/work/axonnn/axonnn/.theos/obj/arm64e/AXNAppCell.m.22ee3ea7.o
ld: 1 duplicate symbol for architecture arm64e
clang-11: [0;1;31merror: [0mlinker command failed with exit code 1 (use -v to see invocation)[0m
make[4]: *** [/home/runner/theos/makefiles/instance/library.mk:52: /home/runner/work/axonnn/axonnn/.theos/obj/arm64e/Axon.dylib] Error 1
make[3]: *** [/home/runner/theos/makefiles/instance/library.mk:52: /home/runner/work/axonnn/axonnn/.theos/obj/arm64e/Axon.dylib] Error 2
make[2]: *** [/home/runner/theos/makefiles/instance/library.mk:37: internal-library-all_] Error 2
make[1]: *** [/home/runner/theos/makefiles/master/rules.mk:146: Axon.all.tweak.variables] Error 2
make: *** [/home/runner/theos/makefiles/master/aggregate.mk:12: internal-all] Error 2
